<?xml version="1.0" encoding="UTF-8"?>
<!-- Generated by org.testng.reporters.JUnitReportReporter -->
<testsuite skipped="0" hostname="RISHABH-PC" name="testCases.IMDB" tests="1" failures="0" timestamp="02 Apr 2018 22:05:31 GMT" time="130.070" errors="0">
  <testcase name="getdata" time="130.070" classname="testCases.IMDB"/>
</testsuite> <!-- testCases.IMDB -->
